  PruebaProyecto.cpp
c:\users\magdiel\desktop\snake game\pruebaproyecto\pruebaproyecto.cpp(146): warning C4996: 'getch': The POSIX name for this item is deprecated. Instead, use the ISO C and C++ conformant name: _getch. See online help for details.
  c:\program files (x86)\windows kits\10\include\10.0.15063.0\ucrt\conio.h(452): note: see declaration of 'getch'
c:\users\magdiel\desktop\snake game\pruebaproyecto\pruebaproyecto.cpp(209): warning C4996: 'fopen': This function or variable may be unsafe. Consider using fopen_s instead. To disable deprecation, use _CRT_SECURE_NO_WARNINGS. See online help for details.
  c:\program files (x86)\windows kits\10\include\10.0.15063.0\ucrt\stdio.h(207): note: see declaration of 'fopen'
c:\users\magdiel\desktop\snake game\pruebaproyecto\pruebaproyecto.cpp(211): warning C4996: 'fscanf': This function or variable may be unsafe. Consider using fscanf_s instead. To disable deprecation, use _CRT_SECURE_NO_WARNINGS. See online help for details.
  c:\program files (x86)\windows kits\10\include\10.0.15063.0\ucrt\stdio.h(1195): note: see declaration of 'fscanf'
c:\users\magdiel\desktop\snake game\pruebaproyecto\pruebaproyecto.cpp(212): warning C4996: 'fscanf': This function or variable may be unsafe. Consider using fscanf_s instead. To disable deprecation, use _CRT_SECURE_NO_WARNINGS. See online help for details.
  c:\program files (x86)\windows kits\10\include\10.0.15063.0\ucrt\stdio.h(1195): note: see declaration of 'fscanf'
c:\users\magdiel\desktop\snake game\pruebaproyecto\pruebaproyecto.cpp(259): warning C4996: 'getch': The POSIX name for this item is deprecated. Instead, use the ISO C and C++ conformant name: _getch. See online help for details.
  c:\program files (x86)\windows kits\10\include\10.0.15063.0\ucrt\conio.h(452): note: see declaration of 'getch'
c:\users\magdiel\desktop\snake game\pruebaproyecto\pruebaproyecto.cpp(349): warning C4996: 'getch': The POSIX name for this item is deprecated. Instead, use the ISO C and C++ conformant name: _getch. See online help for details.
  c:\program files (x86)\windows kits\10\include\10.0.15063.0\ucrt\conio.h(452): note: see declaration of 'getch'
c:\users\magdiel\desktop\snake game\pruebaproyecto\pruebaproyecto.cpp(592): warning C4244: 'argument': conversion from 'time_t' to 'unsigned int', possible loss of data
c:\users\magdiel\desktop\snake game\pruebaproyecto\pruebaproyecto.cpp(639): warning C4101: 'tecla': unreferenced local variable
c:\users\magdiel\desktop\snake game\pruebaproyecto\pruebaproyecto.cpp(686): warning C4996: 'scanf': This function or variable may be unsafe. Consider using scanf_s instead. To disable deprecation, use _CRT_SECURE_NO_WARNINGS. See online help for details.
  c:\program files (x86)\windows kits\10\include\10.0.15063.0\ucrt\stdio.h(1272): note: see declaration of 'scanf'
c:\users\magdiel\desktop\snake game\pruebaproyecto\pruebaproyecto.cpp(700): warning C4996: 'getch': The POSIX name for this item is deprecated. Instead, use the ISO C and C++ conformant name: _getch. See online help for details.
  c:\program files (x86)\windows kits\10\include\10.0.15063.0\ucrt\conio.h(452): note: see declaration of 'getch'
c:\users\magdiel\desktop\snake game\pruebaproyecto\pruebaproyecto.cpp(750): warning C4996: 'fopen': This function or variable may be unsafe. Consider using fopen_s instead. To disable deprecation, use _CRT_SECURE_NO_WARNINGS. See online help for details.
  c:\program files (x86)\windows kits\10\include\10.0.15063.0\ucrt\stdio.h(207): note: see declaration of 'fopen'
c:\users\magdiel\desktop\snake game\pruebaproyecto\pruebaproyecto.cpp(751): warning C4996: 'fopen': This function or variable may be unsafe. Consider using fopen_s instead. To disable deprecation, use _CRT_SECURE_NO_WARNINGS. See online help for details.
  c:\program files (x86)\windows kits\10\include\10.0.15063.0\ucrt\stdio.h(207): note: see declaration of 'fopen'
c:\users\magdiel\desktop\snake game\pruebaproyecto\pruebaproyecto.cpp(755): warning C4996: 'fscanf': This function or variable may be unsafe. Consider using fscanf_s instead. To disable deprecation, use _CRT_SECURE_NO_WARNINGS. See online help for details.
  c:\program files (x86)\windows kits\10\include\10.0.15063.0\ucrt\stdio.h(1195): note: see declaration of 'fscanf'
c:\users\magdiel\desktop\snake game\pruebaproyecto\pruebaproyecto.cpp(756): warning C4996: 'fscanf': This function or variable may be unsafe. Consider using fscanf_s instead. To disable deprecation, use _CRT_SECURE_NO_WARNINGS. See online help for details.
  c:\program files (x86)\windows kits\10\include\10.0.15063.0\ucrt\stdio.h(1195): note: see declaration of 'fscanf'
c:\users\magdiel\desktop\snake game\pruebaproyecto\pruebaproyecto.cpp(759): warning C4996: 'strcpy': This function or variable may be unsafe. Consider using strcpy_s instead. To disable deprecation, use _CRT_SECURE_NO_WARNINGS. See online help for details.
  c:\program files (x86)\windows kits\10\include\10.0.15063.0\ucrt\string.h(136): note: see declaration of 'strcpy'
c:\users\magdiel\desktop\snake game\pruebaproyecto\pruebaproyecto.cpp(765): warning C4996: 'strcpy': This function or variable may be unsafe. Consider using strcpy_s instead. To disable deprecation, use _CRT_SECURE_NO_WARNINGS. See online help for details.
  c:\program files (x86)\windows kits\10\include\10.0.15063.0\ucrt\string.h(136): note: see declaration of 'strcpy'
c:\users\magdiel\desktop\snake game\pruebaproyecto\pruebaproyecto.cpp(767): warning C4996: 'strcpy': This function or variable may be unsafe. Consider using strcpy_s instead. To disable deprecation, use _CRT_SECURE_NO_WARNINGS. See online help for details.
  c:\program files (x86)\windows kits\10\include\10.0.15063.0\ucrt\string.h(136): note: see declaration of 'strcpy'
c:\users\magdiel\desktop\snake game\pruebaproyecto\pruebaproyecto.cpp(769): warning C4996: 'strcpy': This function or variable may be unsafe. Consider using strcpy_s instead. To disable deprecation, use _CRT_SECURE_NO_WARNINGS. See online help for details.
  c:\program files (x86)\windows kits\10\include\10.0.15063.0\ucrt\string.h(136): note: see declaration of 'strcpy'
c:\users\magdiel\desktop\snake game\pruebaproyecto\pruebaproyecto.cpp(812): warning C4996: 'fopen': This function or variable may be unsafe. Consider using fopen_s instead. To disable deprecation, use _CRT_SECURE_NO_WARNINGS. See online help for details.
  c:\program files (x86)\windows kits\10\include\10.0.15063.0\ucrt\stdio.h(207): note: see declaration of 'fopen'
  PruebaProyecto.vcxproj -> C:\Users\Magdiel\Desktop\Snake Game\Debug\PruebaProyecto.exe
  PruebaProyecto.vcxproj -> C:\Users\Magdiel\Desktop\Snake Game\Debug\PruebaProyecto.pdb (Partial PDB)
